IP Upgrade report for cyc1000_nios
Mon Aug 31 14:58:23 2020
Quartus Prime Version 20.1.0 Build 711 06/05/2020 SJ Lite Edition


---------------------
; Table of Contents ;
---------------------
  1. Legal Notice
  2. IP Upgrade Summary
  3. Successfully Upgraded IP Components
  4. IP Upgrade Messages



----------------
; Legal Notice ;
----------------
Copyright (C) 2020  Intel Corporation. All rights reserved.
Your use of Intel Corporation's design tools, logic functions 
and other software and tools, and any partner logic 
functions, and any output files from any of the foregoing 
(including device programming or simulation files), and any 
associated documentation or information are expressly subject 
to the terms and conditions of the Intel Program License 
Subscription Agreement, the Intel Quartus Prime License Agreement,
the Intel FPGA IP License Agreement, or other applicable license
agreement, including, without limitation, that your use is for
the sole purpose of programming logic devices manufactured by
Intel and sold by Intel or its authorized distributors.  Please
refer to the applicable agreement for further details, at
https://fpgasoftware.intel.com/eula.



+----------------------------------------------------------------------------+
; IP Upgrade Summary                                                         ;
+------------------------------+---------------------------------------------+
; IP Components Upgrade Status ; Passed - Mon Aug 31 14:58:23 2020           ;
; Quartus Prime Version        ; 20.1.0 Build 711 06/05/2020 SJ Lite Edition ;
; Revision Name                ; cyc1000_nios                                ;
; Top-level Entity Name        ; top                                         ;
; Family                       ; Cyclone 10 LP                               ;
+------------------------------+---------------------------------------------+


+-----------------------------------------------------------------------------------------------------------------------------------------+
; Successfully Upgraded IP Components                                                                                                     ;
+-------------+----------------+---------+-------------------------------+----------------------+-------------------------------+---------+
; Entity Name ; Component Name ; Version ; Original Source File          ; Generation File Path ; New Source File               ; Message ;
+-------------+----------------+---------+-------------------------------+----------------------+-------------------------------+---------+
; my_pll      ; ALTPLL         ; 18.0    ; my_pll.qip                    ; my_pll.v             ; my_pll.qip                    ;         ;
; my_nios     ; Qsys           ; 18.0    ; my_nios/synthesis/my_nios.qip ; my_nios.qsys         ; my_nios/synthesis/my_nios.qip ;         ;
+-------------+----------------+---------+-------------------------------+----------------------+-------------------------------+---------+


+---------------------+
; IP Upgrade Messages ;
+---------------------+
Info (11902): Backing up file "my_pll.v" to "my_pll.BAK.v"
Info (11837): Started upgrading IP component ALTPLL with file "my_pll.v"
Info (11902): Backing up file "my_nios.qsys" to "my_nios.BAK.qsys"
Info (11902): Backing up file "my_nios/synthesis/my_nios.v" to "my_nios.BAK.v"
Info (11837): Started upgrading IP component Qsys with file "my_nios.qsys"
Info: 2020.08.31.14:58:02 Info: Starting to upgrade the IP cores in the Platform Designer system
Info: 2020.08.31.14:58:02 Info: Finished upgrading the ip cores
Info: 2020.08.31.14:58:06 Info: Saving generation log to /home/gp2mv3/Programmation/Quartus/CYC1000_SDRAM-master/my_nios
Info: 2020.08.31.14:58:06 Info: Starting: Create simulation model
Info: 2020.08.31.14:58:06 Info: Loading CYC1000_SDRAM-master
Info: 2020.08.31.14:58:06 Info: Reading input file
Info: 2020.08.31.14:58:06 Info: Adding clk_0 [clock_source 20.1]
Info: 2020.08.31.14:58:06 Info: Parameterizing module clk_0
Info: 2020.08.31.14:58:06 Info: Adding jtag_uart_0 [altera_avalon_jtag_uart 20.1]
Info: 2020.08.31.14:58:06 Info: Parameterizing module jtag_uart_0
Info: 2020.08.31.14:58:06 Info: Adding new_sdram_controller_0 [altera_avalon_new_sdram_controller 20.1]
Info: 2020.08.31.14:58:06 Info: Parameterizing module new_sdram_controller_0
Info: 2020.08.31.14:58:06 Info: Adding nios2_gen2_0 [altera_nios2_gen2 20.1]
Info: 2020.08.31.14:58:06 Info: Parameterizing module nios2_gen2_0
Info: 2020.08.31.14:58:06 Info: Adding onchip_memory2_0 [altera_avalon_onchip_memory2 20.1]
Info: 2020.08.31.14:58:06 Info: Parameterizing module onchip_memory2_0
Info: 2020.08.31.14:58:06 Info: Adding pio_0 [altera_avalon_pio 20.1]
Info: 2020.08.31.14:58:06 Info: Parameterizing module pio_0
Info: 2020.08.31.14:58:06 Info: Adding pio_1 [altera_avalon_pio 20.1]
Info: 2020.08.31.14:58:06 Info: Parameterizing module pio_1
Info: 2020.08.31.14:58:06 Info: Adding sysid_qsys_0 [altera_avalon_sysid_qsys 20.1]
Info: 2020.08.31.14:58:06 Info: Parameterizing module sysid_qsys_0
Info: 2020.08.31.14:58:06 Info: Adding timer_0 [altera_avalon_timer 20.1]
Info: 2020.08.31.14:58:06 Info: Parameterizing module timer_0
Info: 2020.08.31.14:58:07 Info: Building connections
Info: 2020.08.31.14:58:07 Info: Parameterizing connections
Info: 2020.08.31.14:58:07 Info: Validating
Info: 2020.08.31.14:58:07 Info: Done reading input file
Info: 2020.08.31.14:58:07 Info: my_nios.jtag_uart_0: JTAG UART IP input clock need to be at least double (2x) the operating frequency of JTAG TCK on board
Info: 2020.08.31.14:58:07 Info: my_nios.new_sdram_controller_0: SDRAM Controller will only be supported in Quartus Prime Standard Edition in the future release.
Info: 2020.08.31.14:58:07 Info: my_nios.pio_1: PIO inputs are not hardwired in test bench. Undefined values will be read from PIO inputs during simulation.
Info: 2020.08.31.14:58:07 Info: my_nios.sysid_qsys_0: System ID is not assigned automatically. Edit the System ID parameter to provide a unique ID
Info: 2020.08.31.14:58:07 Info: my_nios.sysid_qsys_0: Time stamp will be automatically updated when this component is generated.
Info: 2020.08.31.14:58:07 Info: my_nios: Generating my_nios "my_nios" for SIM_VERILOG
Info: 2020.08.31.14:58:11 Info: jtag_uart_0: Starting RTL generation for module 'my_nios_jtag_uart_0'
Info: 2020.08.31.14:58:11 Info: jtag_uart_0:   Generation command is [exec /home/gp2mv3/Applications/Quartus/quartus/linux64/perl/bin/perl -I /home/gp2mv3/Applications/Quartus/quartus/linux64/perl/lib -I /home/gp2mv3/Applications/Quartus/quartus/sopc_builder/bin/europa -I /home/gp2mv3/Applications/Quartus/quartus/sopc_builder/bin -I /home/gp2mv3/Applications/Quartus/quartus/../ip/altera/sopc_builder_ip/common -I /home/gp2mv3/Applications/Quartus/quartus/../ip/altera/sopc_builder_ip/altera_avalon_jtag_uart -- /home/gp2mv3/Applications/Quartus/quartus/../ip/altera/sopc_builder_ip/altera_avalon_jtag_uart/generate_rtl.pl --name=my_nios_jtag_uart_0 --dir=/tmp/alt8505_8102981641538823796.dir/0002_jtag_uart_0_gen/ --quartus_dir=/home/gp2mv3/Applications/Quartus/quartus --verilog --config=/tmp/alt8505_8102981641538823796.dir/0002_jtag_uart_0_gen//my_nios_jtag_uart_0_component_configuration.pl  --do_build_sim=1    --sim_dir=/tmp/alt8505_8102981641538823796.dir/0002_jtag_uart_0_gen
Info: 2020.08.31.14:58:11 Info: jtag_uart_0: Done RTL generation for module 'my_nios_jtag_uart_0'
2020.08.31.14:58:11 Info: jtag_uart_0: "my_nios" instantiated altera_avalon_jtag_uart "jtag_uart_0"
Info: 2020.08.31.14:58:11 Info: new_sdram_controller_0: Starting RTL generation for module 'my_nios_new_sdram_controller_0'
Info: 2020.08.31.14:58:11 Info: new_sdram_controller_0:   Generation command is [exec /home/gp2mv3/Applications/Quartus/quartus/linux64/perl/bin/perl -I /home/gp2mv3/Applications/Quartus/quartus/linux64/perl/lib -I /home/gp2mv3/Applications/Quartus/quartus/sopc_builder/bin/europa -I /home/gp2mv3/Applications/Quartus/quartus/sopc_builder/bin -I /home/gp2mv3/Applications/Quartus/quartus/../ip/altera/sopc_builder_ip/common -I /home/gp2mv3/Applications/Quartus/quartus/../ip/altera/sopc_builder_ip/altera_avalon_new_sdram_controller -- /home/gp2mv3/Applications/Quartus/quartus/../ip/altera/sopc_builder_ip/altera_avalon_new_sdram_controller/generate_rtl.pl --name=my_nios_new_sdram_controller_0 --dir=/tmp/alt8505_8102981641538823796.dir/0003_new_sdram_controller_0_gen/ --quartus_dir=/home/gp2mv3/Applications/Quartus/quartus --verilog --config=/tmp/alt8505_8102981641538823796.dir/0003_new_sdram_controller_0_gen//my_nios_new_sdram_controller_0_component_configuration.pl  --do_build_sim=1    --sim_dir=/tmp/alt8505_8102981641538823796.dir/0003_new_sdram_controller_0_gen
Info: 2020.08.31.14:58:12 Info: new_sdram_controller_0: Done RTL generation for module 'my_nios_new_sdram_controller_0'
Info: 2020.08.31.14:58:12 Info: new_sdram_controller_0: "my_nios" instantiated altera_avalon_new_sdram_controller "new_sdram_controller_0"
Info: 2020.08.31.14:58:12 Info: nios2_gen2_0: "my_nios" instantiated altera_nios2_gen2 "nios2_gen2_0"
Info: 2020.08.31.14:58:12 Info: onchip_memory2_0: Starting RTL generation for module 'my_nios_onchip_memory2_0'
Info: 2020.08.31.14:58:12 Info: onchip_memory2_0:   Generation command is [exec /home/gp2mv3/Applications/Quartus/quartus/linux64/perl/bin/perl -I /home/gp2mv3/Applications/Quartus/quartus/linux64/perl/lib -I /home/gp2mv3/Applications/Quartus/quartus/sopc_builder/bin/europa -I /home/gp2mv3/Applications/Quartus/quartus/sopc_builder/bin -I /home/gp2mv3/Applications/Quartus/quartus/../ip/altera/sopc_builder_ip/common -I /home/gp2mv3/Applications/Quartus/quartus/../ip/altera/sopc_builder_ip/altera_avalon_onchip_memory2 -- /home/gp2mv3/Applications/Quartus/quartus/../ip/altera/sopc_builder_ip/altera_avalon_onchip_memory2/generate_rtl.pl --name=my_nios_onchip_memory2_0 --dir=/tmp/alt8505_8102981641538823796.dir/0004_onchip_memory2_0_gen/ --quartus_dir=/home/gp2mv3/Applications/Quartus/quartus --verilog --config=/tmp/alt8505_8102981641538823796.dir/0004_onchip_memory2_0_gen//my_nios_onchip_memory2_0_component_configuration.pl  --do_build_sim=1    --sim_dir=/tmp/alt8505_8102981641538823796.dir/0004_onchip_memory2_0_gen
Info: 2020.08.31.14:58:12 Info: onchip_memory2_0: Done RTL generation for module 'my_nios_onchip_memory2_0'
Info: 2020.08.31.14:58:12 Info: onchip_memory2_0: "my_nios" instantiated altera_avalon_onchip_memory2 "onchip_memory2_0"
Info: 2020.08.31.14:58:12 Info: pio_0: Starting RTL generation for module 'my_nios_pio_0'
Info: 2020.08.31.14:58:12 Info: pio_0:   Generation command is [exec /home/gp2mv3/Applications/Quartus/quartus/linux64/perl/bin/perl -I /home/gp2mv3/Applications/Quartus/quartus/linux64/perl/lib -I /home/gp2mv3/Applications/Quartus/quartus/sopc_builder/bin/europa -I /home/gp2mv3/Applications/Quartus/quartus/sopc_builder/bin -I /home/gp2mv3/Applications/Quartus/quartus/../ip/altera/sopc_builder_ip/common -I /home/gp2mv3/Applications/Quartus/quartus/../ip/altera/sopc_builder_ip/altera_avalon_pio -- /home/gp2mv3/Applications/Quartus/quartus/../ip/altera/sopc_builder_ip/altera_avalon_pio/generate_rtl.pl --name=my_nios_pio_0 --dir=/tmp/alt8505_8102981641538823796.dir/0005_pio_0_gen/ --quartus_dir=/home/gp2mv3/Applications/Quartus/quartus --verilog --config=/tmp/alt8505_8102981641538823796.dir/0005_pio_0_gen//my_nios_pio_0_component_configuration.pl  --do_build_sim=1    --sim_dir=/tmp/alt8505_8102981641538823796.dir/0005_pio_0_gen
Info: 2020.08.31.14:58:12 Info: pio_0: Done RTL generation for module 'my_nios_pio_0'
Info: 2020.08.31.14:58:12 Info: pio_0: "my_nios" instantiated altera_avalon_pio "pio_0"
Info: 2020.08.31.14:58:12 Info: pio_1: Starting RTL generation for module 'my_nios_pio_1'
Info: 2020.08.31.14:58:12 Info: pio_1:   Generation command is [exec /home/gp2mv3/Applications/Quartus/quartus/linux64/perl/bin/perl -I /home/gp2mv3/Applications/Quartus/quartus/linux64/perl/lib -I /home/gp2mv3/Applications/Quartus/quartus/sopc_builder/bin/europa -I /home/gp2mv3/Applications/Quartus/quartus/sopc_builder/bin -I /home/gp2mv3/Applications/Quartus/quartus/../ip/altera/sopc_builder_ip/common -I /home/gp2mv3/Applications/Quartus/quartus/../ip/altera/sopc_builder_ip/altera_avalon_pio -- /home/gp2mv3/Applications/Quartus/quartus/../ip/altera/sopc_builder_ip/altera_avalon_pio/generate_rtl.pl --name=my_nios_pio_1 --dir=/tmp/alt8505_8102981641538823796.dir/0006_pio_1_gen/ --quartus_dir=/home/gp2mv3/Applications/Quartus/quartus --verilog --config=/tmp/alt8505_8102981641538823796.dir/0006_pio_1_gen//my_nios_pio_1_component_configuration.pl  --do_build_sim=1    --sim_dir=/tmp/alt8505_8102981641538823796.dir/0006_pio_1_gen
Info: 2020.08.31.14:58:12 Info: pio_1: Done RTL generation for module 'my_nios_pio_1'
Info: 2020.08.31.14:58:12 Info: pio_1: "my_nios" instantiated altera_avalon_pio "pio_1"
Info: 2020.08.31.14:58:12 Info: sysid_qsys_0: "my_nios" instantiated altera_avalon_sysid_qsys "sysid_qsys_0"
Info: 2020.08.31.14:58:12 Info: timer_0: Starting RTL generation for module 'my_nios_timer_0'
Info: 2020.08.31.14:58:12 Info: timer_0:   Generation command is [exec /home/gp2mv3/Applications/Quartus/quartus/linux64//perl/bin/perl -I /home/gp2mv3/Applications/Quartus/quartus/linux64//perl/lib -I /home/gp2mv3/Applications/Quartus/quartus/sopc_builder/bin/europa -I /home/gp2mv3/Applications/Quartus/quartus/sopc_builder/bin -I /home/gp2mv3/Applications/Quartus/quartus/../ip/altera/sopc_builder_ip/common -I /home/gp2mv3/Applications/Quartus/quartus/../ip/altera/sopc_builder_ip/altera_avalon_timer -- /home/gp2mv3/Applications/Quartus/quartus/../ip/altera/sopc_builder_ip/altera_avalon_timer/generate_rtl.pl --name=my_nios_timer_0 --dir=/tmp/alt8505_8102981641538823796.dir/0008_timer_0_gen/ --quartus_dir=/home/gp2mv3/Applications/Quartus/quartus --verilog --config=/tmp/alt8505_8102981641538823796.dir/0008_timer_0_gen//my_nios_timer_0_component_configuration.pl  --do_build_sim=1    --sim_dir=/tmp/alt8505_8102981641538823796.dir/0008_timer_0_gen
Info: 2020.08.31.14:58:12 Info: timer_0: Done RTL generation for module 'my_nios_timer_0'
Info: 2020.08.31.14:58:12 Info: timer_0: "my_nios" instantiated altera_avalon_timer "timer_0"
Info: 2020.08.31.14:58:13 Info: avalon_st_adapter: Inserting error_adapter: error_adapter_0
Info: 2020.08.31.14:58:13 Info: avalon_st_adapter_001: Inserting error_adapter: error_adapter_0
Info: 2020.08.31.14:58:13 Info: avalon_st_adapter_002: Inserting error_adapter: error_adapter_0
Info: 2020.08.31.14:58:13 Info: avalon_st_adapter_003: Inserting error_adapter: error_adapter_0
Info: 2020.08.31.14:58:13 Info: avalon_st_adapter_004: Inserting error_adapter: error_adapter_0
Info: 2020.08.31.14:58:13 Info: avalon_st_adapter_005: Inserting error_adapter: error_adapter_0
Info: 2020.08.31.14:58:13 Info: avalon_st_adapter_006: Inserting error_adapter: error_adapter_0
Info: 2020.08.31.14:58:13 Info: avalon_st_adapter_007: Inserting error_adapter: error_adapter_0
Info: 2020.08.31.14:58:14 Info: mm_interconnect_0: "my_nios" instantiated altera_mm_interconnect "mm_interconnect_0"
Info: 2020.08.31.14:58:14 Info: irq_mapper: "my_nios" instantiated altera_irq_mapper "irq_mapper"
Info: 2020.08.31.14:58:14 Info: rst_controller: "my_nios" instantiated altera_reset_controller "rst_controller"
Info: 2020.08.31.14:58:14 Info: cpu: Starting RTL generation for module 'my_nios_nios2_gen2_0_cpu'
Info: 2020.08.31.14:58:14 Info: cpu:   Generation command is [exec /home/gp2mv3/Applications/Quartus/quartus/linux64//perl/bin/perl -I /home/gp2mv3/Applications/Quartus/quartus/linux64//perl/lib -I /home/gp2mv3/Applications/Quartus/quartus/sopc_builder/bin/europa -I /home/gp2mv3/Applications/Quartus/quartus/sopc_builder/bin -I /home/gp2mv3/Applications/Quartus/quartus/../ip/altera/nios2_ip/altera_nios2_gen2/cpu_lib -I /home/gp2mv3/Applications/Quartus/quartus/../ip/altera/nios2_ip/altera_nios2_gen2/nios_lib -I /home/gp2mv3/Applications/Quartus/quartus/../ip/altera/nios2_ip/altera_nios2_gen2 -I /home/gp2mv3/Applications/Quartus/quartus/../ip/altera/nios2_ip/altera_nios2_gen2 -- /home/gp2mv3/Applications/Quartus/quartus/../ip/altera/nios2_ip/altera_nios2_gen2/generate_rtl.pl --name=my_nios_nios2_gen2_0_cpu --dir=/tmp/alt8505_8102981641538823796.dir/0011_cpu_gen/ --quartus_bindir=/home/gp2mv3/Applications/Quartus/quartus/linux64/ --verilog --config=/tmp/alt8505_8102981641538823796.dir/0011_cpu_gen//my_nios_nios2_gen2_0_cpu_processor_configuration.pl  --do_build_sim=1    --sim_dir=/tmp/alt8505_8102981641538823796.dir/0011_cpu_gen
Info: 2020.08.31.14:58:15 Info: cpu: # 2020.08.31 14:58:14 (*) Starting Nios II generation
Info: 2020.08.31.14:58:15 Info: cpu: # 2020.08.31 14:58:14 (*)   Elaborating CPU configuration settings
Info: 2020.08.31.14:58:15 Info: cpu: # 2020.08.31 14:58:14 (*)   Creating all objects for CPU
Info: 2020.08.31.14:58:15 Info: cpu: # 2020.08.31 14:58:15 (*)   Creating '/tmp/alt8505_8102981641538823796.dir/0011_cpu_gen/
Info: 2020.08.31.14:58:15 Info: cpu: # 2020.08.31 14:58:15 (*)   Generating RTL from CPU objects
Info: 2020.08.31.14:58:15 Info: cpu: # 2020.08.31 14:58:15 (*)   Creating plain-text RTL
Info: 2020.08.31.14:58:15 Info: cpu: # 2020.08.31 14:58:15 (*) Done Nios II generation
Info: 2020.08.31.14:58:15 Info: cpu: Done RTL generation for module 'my_nios_nios2_gen2_0_cpu'
Info: 2020.08.31.14:58:15 Info: cpu: "nios2_gen2_0" instantiated altera_nios2_gen2_unit "cpu"
Info: 2020.08.31.14:58:15 Info: nios2_gen2_0_data_master_translator: "mm_interconnect_0" instantiated altera_merlin_master_translator "nios2_gen2_0_data_master_translator"
Info: 2020.08.31.14:58:15 Info: jtag_uart_0_avalon_jtag_slave_translator: "mm_interconnect_0" instantiated altera_merlin_slave_translator "jtag_uart_0_avalon_jtag_slave_translator"
Info: 2020.08.31.14:58:15 Info: nios2_gen2_0_data_master_agent: "mm_interconnect_0" instantiated altera_merlin_master_agent "nios2_gen2_0_data_master_agent"
Info: 2020.08.31.14:58:15 Info: jtag_uart_0_avalon_jtag_slave_agent: "mm_interconnect_0" instantiated altera_merlin_slave_agent "jtag_uart_0_avalon_jtag_slave_agent"
Info: 2020.08.31.14:58:15 Info: jtag_uart_0_avalon_jtag_slave_agent_rsp_fifo: "mm_interconnect_0" instantiated altera_avalon_sc_fifo "jtag_uart_0_avalon_jtag_slave_agent_rsp_fifo"
Info: 2020.08.31.14:58:15 Info: router: "mm_interconnect_0" instantiated altera_merlin_router "router"
Info: 2020.08.31.14:58:15 Info: router_001: "mm_interconnect_0" instantiated altera_merlin_router "router_001"
Info: 2020.08.31.14:58:15 Info: router_002: "mm_interconnect_0" instantiated altera_merlin_router "router_002"
Info: 2020.08.31.14:58:15 Info: router_004: "mm_interconnect_0" instantiated altera_merlin_router "router_004"
Info: 2020.08.31.14:58:15 Info: router_008: "mm_interconnect_0" instantiated altera_merlin_router "router_008"
Info: 2020.08.31.14:58:15 Info: new_sdram_controller_0_s1_burst_adapter: "mm_interconnect_0" instantiated altera_merlin_burst_adapter "new_sdram_controller_0_s1_burst_adapter"
Info: 2020.08.31.14:58:15 Info: cmd_demux: "mm_interconnect_0" instantiated altera_merlin_demultiplexer "cmd_demux"
Info: 2020.08.31.14:58:15 Info: cmd_demux_001: "mm_interconnect_0" instantiated altera_merlin_demultiplexer "cmd_demux_001"
Info: 2020.08.31.14:58:15 Info: cmd_mux: "mm_interconnect_0" instantiated altera_merlin_multiplexer "cmd_mux"
Info: 2020.08.31.14:58:15 Info: cmd_mux_002: "mm_interconnect_0" instantiated altera_merlin_multiplexer "cmd_mux_002"
Info: 2020.08.31.14:58:15 Info: Reusing file /home/gp2mv3/Programmation/Quartus/CYC1000_SDRAM-master/my_nios/simulation/submodules
Info: 2020.08.31.14:58:15 Info: rsp_demux: "mm_interconnect_0" instantiated altera_merlin_demultiplexer "rsp_demux"
Info: 2020.08.31.14:58:15 Info: rsp_demux_002: "mm_interconnect_0" instantiated altera_merlin_demultiplexer "rsp_demux_002"
Info: 2020.08.31.14:58:15 Info: rsp_mux: "mm_interconnect_0" instantiated altera_merlin_multiplexer "rsp_mux"
Info: 2020.08.31.14:58:15 Info: Reusing file /home/gp2mv3/Programmation/Quartus/CYC1000_SDRAM-master/my_nios/simulation/submodules
Info: 2020.08.31.14:58:15 Info: rsp_mux_001: "mm_interconnect_0" instantiated altera_merlin_multiplexer "rsp_mux_001"
Info: 2020.08.31.14:58:15 Info: Reusing file /home/gp2mv3/Programmation/Quartus/CYC1000_SDRAM-master/my_nios/simulation/submodules
Info: 2020.08.31.14:58:15 Info: new_sdram_controller_0_s1_rsp_width_adapter: "mm_interconnect_0" instantiated altera_merlin_width_adapter "new_sdram_controller_0_s1_rsp_width_adapter"
Info: 2020.08.31.14:58:15 Info: Reusing file /home/gp2mv3/Programmation/Quartus/CYC1000_SDRAM-master/my_nios/simulation/submodules
Info: 2020.08.31.14:58:15 Info: Reusing file /home/gp2mv3/Programmation/Quartus/CYC1000_SDRAM-master/my_nios/simulation/submodules
Info: 2020.08.31.14:58:15 Info: avalon_st_adapter: "mm_interconnect_0" instantiated altera_avalon_st_adapter "avalon_st_adapter"
Info: 2020.08.31.14:58:15 Info: avalon_st_adapter_006: "mm_interconnect_0" instantiated altera_avalon_st_adapter "avalon_st_adapter_006"
Info: 2020.08.31.14:58:15 Info: error_adapter_0: "avalon_st_adapter" instantiated error_adapter "error_adapter_0"
Info: 2020.08.31.14:58:15 Info: error_adapter_0: "avalon_st_adapter_006" instantiated error_adapter "error_adapter_0"
Info: 2020.08.31.14:58:15 Info: my_nios: Done "my_nios" with 37 modules, 65 files
Info: 2020.08.31.14:58:15 Info: qsys-generate succeeded.
Info: 2020.08.31.14:58:15 Info: Finished: Create simulation model
Info: 2020.08.31.14:58:15 Info: Starting: Create Modelsim Project.
Info: 2020.08.31.14:58:15 Info: sim-script-gen --spd=/home/gp2mv3/Programmation/Quartus/CYC1000_SDRAM-master/my_nios/my_nios.spd --output-directory=/home/gp2mv3/Programmation/Quartus/CYC1000_SDRAM-master/my_nios/simulation
Info: 2020.08.31.14:58:15 Info: Doing: ip-make-simscript --spd=/home/gp2mv3/Programmation/Quartus/CYC1000_SDRAM-master/my_nios/my_nios.spd --output-directory=/home/gp2mv3/Programmation/Quartus/CYC1000_SDRAM-master/my_nios/simulation
Info: 2020.08.31.14:58:16 Info: Generating the following file(s) for MODELSIM simulator in /home/gp2mv3/Programmation/Quartus/CYC1000_SDRAM-master/my_nios/simulation
Info: 2020.08.31.14:58:16 Info:     mentor
Info: 2020.08.31.14:58:16 Info: Generating the following file(s) for VCS simulator in /home/gp2mv3/Programmation/Quartus/CYC1000_SDRAM-master/my_nios/simulation
Info: 2020.08.31.14:58:16 Info:     synopsys/vcs
Info: 2020.08.31.14:58:16 Info: Generating the following file(s) for VCSMX simulator in /home/gp2mv3/Programmation/Quartus/CYC1000_SDRAM-master/my_nios/simulation
Info: 2020.08.31.14:58:16 Info:     synopsys/vcsmx
Info: 2020.08.31.14:58:16 Info:     synopsys/vcsmx
Info: 2020.08.31.14:58:16 Info: Generating the following file(s) for NCSIM simulator in /home/gp2mv3/Programmation/Quartus/CYC1000_SDRAM-master/my_nios/simulation
Info: 2020.08.31.14:58:16 Info:     cadence
Info: 2020.08.31.14:58:16 Info:     cadence
Info: 2020.08.31.14:58:16 Info:     cadence
Info: 2020.08.31.14:58:16 Info:     35 .cds.lib files in cadence/cds_libs
Info: 2020.08.31.14:58:16 Info: Generating the following file(s) for RIVIERA simulator in /home/gp2mv3/Programmation/Quartus/CYC1000_SDRAM-master/my_nios/simulation
Info: 2020.08.31.14:58:16 Info:     aldec
Info: 2020.08.31.14:58:16 Info: For information on how to simulate your IP, see the explanatory comments in the simulator-specific subdirectories under /home/gp2mv3/Programmation/Quartus/CYC1000_SDRAM-master/my_nios/simulation
Info: 2020.08.31.14:58:16 Info: Regenerate these scripts whenever you make any change to any Quartus-generated IP in your project.
Info: 2020.08.31.14:58:16 Info: Finished: Create Modelsim Project.
Info: 2020.08.31.14:58:16 Info: Starting: Create block symbol file (.bsf)
Info: 2020.08.31.14:58:16 Info: Loading CYC1000_SDRAM-master
Info: 2020.08.31.14:58:16 Info: Reading input file
Info: 2020.08.31.14:58:16 Info: Adding clk_0 [clock_source 20.1]
Info: 2020.08.31.14:58:16 Info: Parameterizing module clk_0
Info: 2020.08.31.14:58:16 Info: Adding jtag_uart_0 [altera_avalon_jtag_uart 20.1]
Info: 2020.08.31.14:58:16 Info: Parameterizing module jtag_uart_0
Info: 2020.08.31.14:58:16 Info: Adding new_sdram_controller_0 [altera_avalon_new_sdram_controller 20.1]
Info: 2020.08.31.14:58:16 Info: Parameterizing module new_sdram_controller_0
Info: 2020.08.31.14:58:16 Info: Adding nios2_gen2_0 [altera_nios2_gen2 20.1]
Info: 2020.08.31.14:58:16 Info: Parameterizing module nios2_gen2_0
Info: 2020.08.31.14:58:16 Info: Adding onchip_memory2_0 [altera_avalon_onchip_memory2 20.1]
Info: 2020.08.31.14:58:16 Info: Parameterizing module onchip_memory2_0
Info: 2020.08.31.14:58:16 Info: Adding pio_0 [altera_avalon_pio 20.1]
Info: 2020.08.31.14:58:16 Info: Parameterizing module pio_0
Info: 2020.08.31.14:58:16 Info: Adding pio_1 [altera_avalon_pio 20.1]
Info: 2020.08.31.14:58:16 Info: Parameterizing module pio_1
Info: 2020.08.31.14:58:16 Info: Adding sysid_qsys_0 [altera_avalon_sysid_qsys 20.1]
Info: 2020.08.31.14:58:16 Info: Parameterizing module sysid_qsys_0
Info: 2020.08.31.14:58:16 Info: Adding timer_0 [altera_avalon_timer 20.1]
Info: 2020.08.31.14:58:16 Info: Parameterizing module timer_0
Info: 2020.08.31.14:58:16 Info: Building connections
Info: 2020.08.31.14:58:16 Info: Parameterizing connections
Info: 2020.08.31.14:58:16 Info: Validating
Info: 2020.08.31.14:58:16 Info: Done reading input file
Info: 2020.08.31.14:58:16 Info: my_nios.jtag_uart_0: JTAG UART IP input clock need to be at least double (2x) the operating frequency of JTAG TCK on board
Info: 2020.08.31.14:58:16 Info: my_nios.new_sdram_controller_0: SDRAM Controller will only be supported in Quartus Prime Standard Edition in the future release.
Info: 2020.08.31.14:58:16 Info: my_nios.pio_1: PIO inputs are not hardwired in test bench. Undefined values will be read from PIO inputs during simulation.
Info: 2020.08.31.14:58:16 Info: my_nios.sysid_qsys_0: System ID is not assigned automatically. Edit the System ID parameter to provide a unique ID
Info: 2020.08.31.14:58:16 Info: my_nios.sysid_qsys_0: Time stamp will be automatically updated when this component is generated.
Info: 2020.08.31.14:58:17 Info: qsys-generate succeeded.
Info: 2020.08.31.14:58:17 Info: Finished: Create block symbol file (.bsf)
Info: 2020.08.31.14:58:17 Info:
Info: 2020.08.31.14:58:17 Info: Starting: Create HDL design files for synthesis
Info: 2020.08.31.14:58:17 Info: Loading CYC1000_SDRAM-master
Info: 2020.08.31.14:58:17 Info: Reading input file
Info: 2020.08.31.14:58:17 Info: Adding clk_0 [clock_source 20.1]
Info: 2020.08.31.14:58:17 Info: Parameterizing module clk_0
Info: 2020.08.31.14:58:17 Info: Adding jtag_uart_0 [altera_avalon_jtag_uart 20.1]
Info: 2020.08.31.14:58:17 Info: Parameterizing module jtag_uart_0
Info: 2020.08.31.14:58:17 Info: Adding new_sdram_controller_0 [altera_avalon_new_sdram_controller 20.1]
Info: 2020.08.31.14:58:17 Info: Parameterizing module new_sdram_controller_0
Info: 2020.08.31.14:58:17 Info: Adding nios2_gen2_0 [altera_nios2_gen2 20.1]
Info: 2020.08.31.14:58:17 Info: Parameterizing module nios2_gen2_0
Info: 2020.08.31.14:58:17 Info: Adding onchip_memory2_0 [altera_avalon_onchip_memory2 20.1]
Info: 2020.08.31.14:58:17 Info: Parameterizing module onchip_memory2_0
Info: 2020.08.31.14:58:17 Info: Adding pio_0 [altera_avalon_pio 20.1]
Info: 2020.08.31.14:58:17 Info: Parameterizing module pio_0
Info: 2020.08.31.14:58:17 Info: Adding pio_1 [altera_avalon_pio 20.1]
Info: 2020.08.31.14:58:17 Info: Parameterizing module pio_1
Info: 2020.08.31.14:58:17 Info: Adding sysid_qsys_0 [altera_avalon_sysid_qsys 20.1]
Info: 2020.08.31.14:58:17 Info: Parameterizing module sysid_qsys_0
Info: 2020.08.31.14:58:17 Info: Adding timer_0 [altera_avalon_timer 20.1]
Info: 2020.08.31.14:58:17 Info: Parameterizing module timer_0
Info: 2020.08.31.14:58:17 Info: Building connections
Info: 2020.08.31.14:58:17 Info: Parameterizing connections
Info: 2020.08.31.14:58:17 Info: Validating
Info: 2020.08.31.14:58:17 Info: Done reading input file
Info: 2020.08.31.14:58:17 Info: my_nios.jtag_uart_0: JTAG UART IP input clock need to be at least double (2x) the operating frequency of JTAG TCK on board
Info: 2020.08.31.14:58:17 Info: my_nios.new_sdram_controller_0: SDRAM Controller will only be supported in Quartus Prime Standard Edition in the future release.
Info: 2020.08.31.14:58:17 Info: my_nios.pio_1: PIO inputs are not hardwired in test bench. Undefined values will be read from PIO inputs during simulation.
Info: 2020.08.31.14:58:17 Info: my_nios.sysid_qsys_0: System ID is not assigned automatically. Edit the System ID parameter to provide a unique ID
Info: 2020.08.31.14:58:17 Info: my_nios.sysid_qsys_0: Time stamp will be automatically updated when this component is generated.
Info: 2020.08.31.14:58:17 Info: my_nios: Generating my_nios "my_nios" for QUARTUS_SYNTH
Info: 2020.08.31.14:58:19 Info: jtag_uart_0: Starting RTL generation for module 'my_nios_jtag_uart_0'
Info: 2020.08.31.14:58:19 Info: jtag_uart_0:   Generation command is [exec /home/gp2mv3/Applications/Quartus/quartus/linux64/perl/bin/perl -I /home/gp2mv3/Applications/Quartus/quartus/linux64/perl/lib -I /home/gp2mv3/Applications/Quartus/quartus/sopc_builder/bin/europa -I /home/gp2mv3/Applications/Quartus/quartus/sopc_builder/bin -I /home/gp2mv3/Applications/Quartus/quartus/../ip/altera/sopc_builder_ip/common -I /home/gp2mv3/Applications/Quartus/quartus/../ip/altera/sopc_builder_ip/altera_avalon_jtag_uart -- /home/gp2mv3/Applications/Quartus/quartus/../ip/altera/sopc_builder_ip/altera_avalon_jtag_uart/generate_rtl.pl --name=my_nios_jtag_uart_0 --dir=/tmp/alt8505_8102981641538823796.dir/0035_jtag_uart_0_gen/ --quartus_dir=/home/gp2mv3/Applications/Quartus/quartus --verilog --config=/tmp/alt8505_8102981641538823796.dir/0035_jtag_uart_0_gen/
Info: 2020.08.31.14:58:19 Info: jtag_uart_0: Done RTL generation for module 'my_nios_jtag_uart_0'
Info: 2020.08.31.14:58:19 Info: jtag_uart_0: "my_nios" instantiated altera_avalon_jtag_uart "jtag_uart_0"
Info: 2020.08.31.14:58:19 Info: new_sdram_controller_0: Starting RTL generation for module 'my_nios_new_sdram_controller_0'
Info: 2020.08.31.14:58:19 Info: new_sdram_controller_0:   Generation command is [exec /home/gp2mv3/Applications/Quartus/quartus/linux64/perl/bin/perl -I /home/gp2mv3/Applications/Quartus/quartus/linux64/perl/lib -I /home/gp2mv3/Applications/Quartus/quartus/sopc_builder/bin/europa -I /home/gp2mv3/Applications/Quartus/quartus/sopc_builder/bin -I /home/gp2mv3/Applications/Quartus/quartus/../ip/altera/sopc_builder_ip/common -I /home/gp2mv3/Applications/Quartus/quartus/../ip/altera/sopc_builder_ip/altera_avalon_new_sdram_controller -- /home/gp2mv3/Applications/Quartus/quartus/../ip/altera/sopc_builder_ip/altera_avalon_new_sdram_controller/generate_rtl.pl --name=my_nios_new_sdram_controller_0 --dir=/tmp/alt8505_8102981641538823796.dir/0036_new_sdram_controller_0_gen/ --quartus_dir=/home/gp2mv3/Applications/Quartus/quartus --verilog --config=/tmp/alt8505_8102981641538823796.dir/0036_new_sdram_controller_0_gen/
Info: 2020.08.31.14:58:20 Info: new_sdram_controller_0: Done RTL generation for module 'my_nios_new_sdram_controller_0'
Info: 2020.08.31.14:58:20 Info: new_sdram_controller_0: "my_nios" instantiated altera_avalon_new_sdram_controller "new_sdram_controller_0"
Info: 2020.08.31.14:58:20 Info: nios2_gen2_0: "my_nios" instantiated altera_nios2_gen2 "nios2_gen2_0"
Info: 2020.08.31.14:58:20 Info: onchip_memory2_0: Starting RTL generation for module 'my_nios_onchip_memory2_0'
Info: 2020.08.31.14:58:20 Info: onchip_memory2_0:   Generation command is [exec /home/gp2mv3/Applications/Quartus/quartus/linux64/perl/bin/perl -I /home/gp2mv3/Applications/Quartus/quartus/linux64/perl/lib -I /home/gp2mv3/Applications/Quartus/quartus/sopc_builder/bin/europa -I /home/gp2mv3/Applications/Quartus/quartus/sopc_builder/bin -I /home/gp2mv3/Applications/Quartus/quartus/../ip/altera/sopc_builder_ip/common -I /home/gp2mv3/Applications/Quartus/quartus/../ip/altera/sopc_builder_ip/altera_avalon_onchip_memory2 -- /home/gp2mv3/Applications/Quartus/quartus/../ip/altera/sopc_builder_ip/altera_avalon_onchip_memory2/generate_rtl.pl --name=my_nios_onchip_memory2_0 --dir=/tmp/alt8505_8102981641538823796.dir/0037_onchip_memory2_0_gen/ --quartus_dir=/home/gp2mv3/Applications/Quartus/quartus --verilog --config=/tmp/alt8505_8102981641538823796.dir/0037_onchip_memory2_0_gen/
Info: 2020.08.31.14:58:20 Info: onchip_memory2_0: Done RTL generation for module 'my_nios_onchip_memory2_0'
Info: 2020.08.31.14:58:20 Info: onchip_memory2_0: "my_nios" instantiated altera_avalon_onchip_memory2 "onchip_memory2_0"
Info: 2020.08.31.14:58:20 Info: pio_0: Starting RTL generation for module 'my_nios_pio_0'
Info: 2020.08.31.14:58:20 Info: pio_0:   Generation command is [exec /home/gp2mv3/Applications/Quartus/quartus/linux64/perl/bin/perl -I /home/gp2mv3/Applications/Quartus/quartus/linux64/perl/lib -I /home/gp2mv3/Applications/Quartus/quartus/sopc_builder/bin/europa -I /home/gp2mv3/Applications/Quartus/quartus/sopc_builder/bin -I /home/gp2mv3/Applications/Quartus/quartus/../ip/altera/sopc_builder_ip/common -I /home/gp2mv3/Applications/Quartus/quartus/../ip/altera/sopc_builder_ip/altera_avalon_pio -- /home/gp2mv3/Applications/Quartus/quartus/../ip/altera/sopc_builder_ip/altera_avalon_pio/generate_rtl.pl --name=my_nios_pio_0 --dir=/tmp/alt8505_8102981641538823796.dir/0038_pio_0_gen/ --quartus_dir=/home/gp2mv3/Applications/Quartus/quartus --verilog --config=/tmp/alt8505_8102981641538823796.dir/0038_pio_0_gen/
Info: 2020.08.31.14:58:20 Info: pio_0: Done RTL generation for module 'my_nios_pio_0'
Info: 2020.08.31.14:58:20 Info: pio_0: "my_nios" instantiated altera_avalon_pio "pio_0"
Info: 2020.08.31.14:58:20 Info: pio_1: Starting RTL generation for module 'my_nios_pio_1'
Info: 2020.08.31.14:58:20 Info: pio_1:   Generation command is [exec /home/gp2mv3/Applications/Quartus/quartus/linux64/perl/bin/perl -I /home/gp2mv3/Applications/Quartus/quartus/linux64/perl/lib -I /home/gp2mv3/Applications/Quartus/quartus/sopc_builder/bin/europa -I /home/gp2mv3/Applications/Quartus/quartus/sopc_builder/bin -I /home/gp2mv3/Applications/Quartus/quartus/../ip/altera/sopc_builder_ip/common -I /home/gp2mv3/Applications/Quartus/quartus/../ip/altera/sopc_builder_ip/altera_avalon_pio -- /home/gp2mv3/Applications/Quartus/quartus/../ip/altera/sopc_builder_ip/altera_avalon_pio/generate_rtl.pl --name=my_nios_pio_1 --dir=/tmp/alt8505_8102981641538823796.dir/0039_pio_1_gen/ --quartus_dir=/home/gp2mv3/Applications/Quartus/quartus --verilog --config=/tmp/alt8505_8102981641538823796.dir/0039_pio_1_gen/
Info: 2020.08.31.14:58:20 Info: pio_1: Done RTL generation for module 'my_nios_pio_1'
Info: 2020.08.31.14:58:20 Info: pio_1: "my_nios" instantiated altera_avalon_pio "pio_1"
Info: 2020.08.31.14:58:20 Info: sysid_qsys_0: "my_nios" instantiated altera_avalon_sysid_qsys "sysid_qsys_0"
Info: 2020.08.31.14:58:20 Info: timer_0: Starting RTL generation for module 'my_nios_timer_0'
Info: 2020.08.31.14:58:20 Info: timer_0:   Generation command is [exec /home/gp2mv3/Applications/Quartus/quartus/linux64//perl/bin/perl -I /home/gp2mv3/Applications/Quartus/quartus/linux64//perl/lib -I /home/gp2mv3/Applications/Quartus/quartus/sopc_builder/bin/europa -I /home/gp2mv3/Applications/Quartus/quartus/sopc_builder/bin -I /home/gp2mv3/Applications/Quartus/quartus/../ip/altera/sopc_builder_ip/common -I /home/gp2mv3/Applications/Quartus/quartus/../ip/altera/sopc_builder_ip/altera_avalon_timer -- /home/gp2mv3/Applications/Quartus/quartus/../ip/altera/sopc_builder_ip/altera_avalon_timer/generate_rtl.pl --name=my_nios_timer_0 --dir=/tmp/alt8505_8102981641538823796.dir/0041_timer_0_gen/ --quartus_dir=/home/gp2mv3/Applications/Quartus/quartus --verilog --config=/tmp/alt8505_8102981641538823796.dir/0041_timer_0_gen/
Info: 2020.08.31.14:58:20 Info: timer_0: Done RTL generation for module 'my_nios_timer_0'
Info: 2020.08.31.14:58:20 Info: timer_0: "my_nios" instantiated altera_avalon_timer "timer_0"
Info: 2020.08.31.14:58:21 Info: avalon_st_adapter: Inserting error_adapter: error_adapter_0
Info: 2020.08.31.14:58:21 Info: avalon_st_adapter_001: Inserting error_adapter: error_adapter_0
Info: 2020.08.31.14:58:21 Info: avalon_st_adapter_002: Inserting error_adapter: error_adapter_0
Info: 2020.08.31.14:58:21 Info: avalon_st_adapter_003: Inserting error_adapter: error_adapter_0
Info: 2020.08.31.14:58:21 Info: avalon_st_adapter_004: Inserting error_adapter: error_adapter_0
Info: 2020.08.31.14:58:21 Info: avalon_st_adapter_005: Inserting error_adapter: error_adapter_0
Info: 2020.08.31.14:58:21 Info: avalon_st_adapter_006: Inserting error_adapter: error_adapter_0
Info: 2020.08.31.14:58:21 Info: avalon_st_adapter_007: Inserting error_adapter: error_adapter_0
Info: 2020.08.31.14:58:21 Info: mm_interconnect_0: "my_nios" instantiated altera_mm_interconnect "mm_interconnect_0"
Info: 2020.08.31.14:58:21 Info: irq_mapper: "my_nios" instantiated altera_irq_mapper "irq_mapper"
Info: 2020.08.31.14:58:21 Info: rst_controller: "my_nios" instantiated altera_reset_controller "rst_controller"
Info: 2020.08.31.14:58:21 Info: cpu: Starting RTL generation for module 'my_nios_nios2_gen2_0_cpu'
Info: 2020.08.31.14:58:21 Info: cpu:   Generation command is [exec /home/gp2mv3/Applications/Quartus/quartus/linux64//perl/bin/perl -I /home/gp2mv3/Applications/Quartus/quartus/linux64//perl/lib -I /home/gp2mv3/Applications/Quartus/quartus/sopc_builder/bin/europa -I /home/gp2mv3/Applications/Quartus/quartus/sopc_builder/bin -I /home/gp2mv3/Applications/Quartus/quartus/../ip/altera/nios2_ip/altera_nios2_gen2/cpu_lib -I /home/gp2mv3/Applications/Quartus/quartus/../ip/altera/nios2_ip/altera_nios2_gen2/nios_lib -I /home/gp2mv3/Applications/Quartus/quartus/../ip/altera/nios2_ip/altera_nios2_gen2 -I /home/gp2mv3/Applications/Quartus/quartus/../ip/altera/nios2_ip/altera_nios2_gen2 -- /home/gp2mv3/Applications/Quartus/quartus/../ip/altera/nios2_ip/altera_nios2_gen2/generate_rtl.pl --name=my_nios_nios2_gen2_0_cpu --dir=/tmp/alt8505_8102981641538823796.dir/0044_cpu_gen/ --quartus_bindir=/home/gp2mv3/Applications/Quartus/quartus/linux64/ --verilog --config=/tmp/alt8505_8102981641538823796.dir/0044_cpu_gen/
Info: 2020.08.31.14:58:23 Info: cpu: # 2020.08.31 14:58:22 (*) Starting Nios II generation
Info: 2020.08.31.14:58:23 Info: cpu: # 2020.08.31 14:58:22 (*)   Elaborating CPU configuration settings
Info: 2020.08.31.14:58:23 Info: cpu: # 2020.08.31 14:58:22 (*)   Creating all objects for CPU
Info: 2020.08.31.14:58:23 Info: cpu: # 2020.08.31 14:58:22 (*)   Generating RTL from CPU objects
Info: 2020.08.31.14:58:23 Info: cpu: # 2020.08.31 14:58:22 (*)   Creating plain-text RTL
Info: 2020.08.31.14:58:23 Info: cpu: # 2020.08.31 14:58:23 (*) Done Nios II generation
Info: 2020.08.31.14:58:23 Info: cpu: Done RTL generation for module 'my_nios_nios2_gen2_0_cpu'
Info: 2020.08.31.14:58:23 Info: cpu: "nios2_gen2_0" instantiated altera_nios2_gen2_unit "cpu"
Info: 2020.08.31.14:58:23 Info: nios2_gen2_0_data_master_translator: "mm_interconnect_0" instantiated altera_merlin_master_translator "nios2_gen2_0_data_master_translator"
Info: 2020.08.31.14:58:23 Info: jtag_uart_0_avalon_jtag_slave_translator: "mm_interconnect_0" instantiated altera_merlin_slave_translator "jtag_uart_0_avalon_jtag_slave_translator"
Info: 2020.08.31.14:58:23 Info: nios2_gen2_0_data_master_agent: "mm_interconnect_0" instantiated altera_merlin_master_agent "nios2_gen2_0_data_master_agent"
Info: 2020.08.31.14:58:23 Info: jtag_uart_0_avalon_jtag_slave_agent: "mm_interconnect_0" instantiated altera_merlin_slave_agent "jtag_uart_0_avalon_jtag_slave_agent"
Info: 2020.08.31.14:58:23 Info: jtag_uart_0_avalon_jtag_slave_agent_rsp_fifo: "mm_interconnect_0" instantiated altera_avalon_sc_fifo "jtag_uart_0_avalon_jtag_slave_agent_rsp_fifo"
Info: 2020.08.31.14:58:23 Info: router: "mm_interconnect_0" instantiated altera_merlin_router "router"
Info: 2020.08.31.14:58:23 Info: router_001: "mm_interconnect_0" instantiated altera_merlin_router "router_001"
Info: 2020.08.31.14:58:23 Info: router_002: "mm_interconnect_0" instantiated altera_merlin_router "router_002"
Info: 2020.08.31.14:58:23 Info: router_004: "mm_interconnect_0" instantiated altera_merlin_router "router_004"
Info: 2020.08.31.14:58:23 Info: router_008: "mm_interconnect_0" instantiated altera_merlin_router "router_008"
Info: 2020.08.31.14:58:23 Info: new_sdram_controller_0_s1_burst_adapter: "mm_interconnect_0" instantiated altera_merlin_burst_adapter "new_sdram_controller_0_s1_burst_adapter"
Info: 2020.08.31.14:58:23 Info: cmd_demux: "mm_interconnect_0" instantiated altera_merlin_demultiplexer "cmd_demux"
Info: 2020.08.31.14:58:23 Info: cmd_demux_001: "mm_interconnect_0" instantiated altera_merlin_demultiplexer "cmd_demux_001"
Info: 2020.08.31.14:58:23 Info: cmd_mux: "mm_interconnect_0" instantiated altera_merlin_multiplexer "cmd_mux"
Info: 2020.08.31.14:58:23 Info: cmd_mux_002: "mm_interconnect_0" instantiated altera_merlin_multiplexer "cmd_mux_002"
Info: 2020.08.31.14:58:23 Info: Reusing file /home/gp2mv3/Programmation/Quartus/CYC1000_SDRAM-master/my_nios/synthesis/submodules
Info: 2020.08.31.14:58:23 Info: rsp_demux: "mm_interconnect_0" instantiated altera_merlin_demultiplexer "rsp_demux"
Info: 2020.08.31.14:58:23 Info: rsp_demux_002: "mm_interconnect_0" instantiated altera_merlin_demultiplexer "rsp_demux_002"
Info: 2020.08.31.14:58:23 Info: rsp_mux: "mm_interconnect_0" instantiated altera_merlin_multiplexer "rsp_mux"
Info: 2020.08.31.14:58:23 Info: Reusing file /home/gp2mv3/Programmation/Quartus/CYC1000_SDRAM-master/my_nios/synthesis/submodules
Info: 2020.08.31.14:58:23 Info: rsp_mux_001: "mm_interconnect_0" instantiated altera_merlin_multiplexer "rsp_mux_001"
Info: 2020.08.31.14:58:23 Info: Reusing file /home/gp2mv3/Programmation/Quartus/CYC1000_SDRAM-master/my_nios/synthesis/submodules
Info: 2020.08.31.14:58:23 Info: new_sdram_controller_0_s1_rsp_width_adapter: "mm_interconnect_0" instantiated altera_merlin_width_adapter "new_sdram_controller_0_s1_rsp_width_adapter"
Info: 2020.08.31.14:58:23 Info: Reusing file /home/gp2mv3/Programmation/Quartus/CYC1000_SDRAM-master/my_nios/synthesis/submodules
Info: 2020.08.31.14:58:23 Info: Reusing file /home/gp2mv3/Programmation/Quartus/CYC1000_SDRAM-master/my_nios/synthesis/submodules
Info: 2020.08.31.14:58:23 Info: avalon_st_adapter: "mm_interconnect_0" instantiated altera_avalon_st_adapter "avalon_st_adapter"
Info: 2020.08.31.14:58:23 Info: avalon_st_adapter_006: "mm_interconnect_0" instantiated altera_avalon_st_adapter "avalon_st_adapter_006"
Info: 2020.08.31.14:58:23 Info: error_adapter_0: "avalon_st_adapter" instantiated error_adapter "error_adapter_0"
Info: 2020.08.31.14:58:23 Info: error_adapter_0: "avalon_st_adapter_006" instantiated error_adapter "error_adapter_0"
Info: 2020.08.31.14:58:23 Info: my_nios: Done "my_nios" with 37 modules, 58 files
Info: 2020.08.31.14:58:23 Info: qsys-generate succeeded.
Info: 2020.08.31.14:58:23 Info: Finished: Create HDL design files for synthesis
Info (11131): Completed upgrading IP component ALTPLL with file "my_pll.v"
Info (11131): Completed upgrading IP component Qsys with file "my_nios.qsys"
Info (23030): Evaluation of Tcl script /home/gp2mv3/Applications/Quartus/quartus/common/tcl/internal/ip_regen/ip_regen.tcl was successful
Info: Quartus Prime Shell was successful. 0 errors, 0 warnings
    Info: Peak virtual memory: 590 megabytes
    Info: Processing ended: Mon Aug 31 14:58:24 2020
    Info: Elapsed time: 00:00:35
    Info: Total CPU time (on all processors): 00:01:45


